Determining if the pthread_create exist failed with the following output:
Change Dir: /home/netra/pranjal/colorLines/build/CMakeFiles/CMakeTmp

Run Build Command:"/usr/bin/make" "cmTC_e023f/fast"
/usr/bin/make -f CMakeFiles/cmTC_e023f.dir/build.make CMakeFiles/cmTC_e023f.dir/build
make[1]: Entering directory `/home/netra/pranjal/colorLines/build/CMakeFiles/CMakeTmp'
Building C object CMakeFiles/cmTC_e023f.dir/CheckSymbolExists.c.o
/usr/bin/cc    -fPIC    -o CMakeFiles/cmTC_e023f.dir/CheckSymbolExists.c.o   -c /home/netra/pranjal/colorLines/build/CMakeFiles/CMakeTmp/CheckSymbolExists.c
Linking C executable cmTC_e023f
/usr/local/bin/cmake -E cmake_link_script CMakeFiles/cmTC_e023f.dir/link.txt --verbose=1
/usr/bin/cc  -fPIC     CMakeFiles/cmTC_e023f.dir/CheckSymbolExists.c.o  -o cmTC_e023f -rdynamic 
CMakeFiles/cmTC_e023f.dir/CheckSymbolExists.c.o: In function `main':
CheckSymbolExists.c:(.text+0x1b): undefined reference to `pthread_create'
collect2: error: ld returned 1 exit status
make[1]: *** [cmTC_e023f] Error 1
make[1]: Leaving directory `/home/netra/pranjal/colorLines/build/CMakeFiles/CMakeTmp'
make: *** [cmTC_e023f/fast] Error 2

File /home/netra/pranjal/colorLines/build/CMakeFiles/CMakeTmp/CheckSymbolExists.c:
/* */
#include <pthread.h>

int main(int argc, char** argv)
{
  (void)argv;
#ifndef pthread_create
  return ((int*)(&pthread_create))[argc];
#else
  (void)argc;
  return 0;
#endif
}

Determining if the function pthread_create exists in the pthreads failed with the following output:
Change Dir: /home/netra/pranjal/colorLines/build/CMakeFiles/CMakeTmp

Run Build Command:"/usr/bin/make" "cmTC_6ddd8/fast"
/usr/bin/make -f CMakeFiles/cmTC_6ddd8.dir/build.make CMakeFiles/cmTC_6ddd8.dir/build
make[1]: Entering directory `/home/netra/pranjal/colorLines/build/CMakeFiles/CMakeTmp'
Building C object CMakeFiles/cmTC_6ddd8.dir/CheckFunctionExists.c.o
/usr/bin/cc    -fPIC -DCHECK_FUNCTION_EXISTS=pthread_create   -o CMakeFiles/cmTC_6ddd8.dir/CheckFunctionExists.c.o   -c /usr/local/share/cmake-3.5/Modules/CheckFunctionExists.c
Linking C executable cmTC_6ddd8
/usr/local/bin/cmake -E cmake_link_script CMakeFiles/cmTC_6ddd8.dir/link.txt --verbose=1
/usr/bin/cc  -fPIC -DCHECK_FUNCTION_EXISTS=pthread_create    CMakeFiles/cmTC_6ddd8.dir/CheckFunctionExists.c.o  -o cmTC_6ddd8 -rdynamic -lpthreads 
/usr/bin/ld: cannot find -lpthreads
collect2: error: ld returned 1 exit status
make[1]: *** [cmTC_6ddd8] Error 1
make[1]: Leaving directory `/home/netra/pranjal/colorLines/build/CMakeFiles/CMakeTmp'
make: *** [cmTC_6ddd8/fast] Error 2


